\BOOKMARK [0][-]{chapter*.1}{\376\377\000P\000r\000e\000f\000a\000c\000e}{}% 1
\BOOKMARK [0][-]{chapter*.2}{\376\377\000S\000u\000m\000m\000a\000r\000y}{}% 2
\BOOKMARK [-1][-]{part.1}{\376\377\000I\000\040\000F\000r\000a\000m\000i\000n\000g}{}% 3
\BOOKMARK [0][-]{chapter.1}{\376\377\000I\000n\000t\000r\000o\000d\000u\000c\000t\000i\000o\000n}{part.1}% 4
\BOOKMARK [1][-]{section.1.1}{\376\377\000T\000h\000e\000\040\000S\000t\000a\000n\000d\000a\000r\000d\000\040\000M\000o\000d\000e\000l\000\040\000a\000n\000d\000\040\000T\000o\000p\000\040\000Q\000u\000a\000r\000k\000\040\000P\000h\000y\000s\000i\000c\000s}{chapter.1}% 5
\BOOKMARK [2][-]{subsection.1.1.1}{\376\377\000T\000h\000e\000\040\000S\000t\000a\000n\000d\000a\000r\000d\000\040\000M\000o\000d\000e\000l\000\040\000o\000f\000\040\000p\000a\000r\000t\000i\000c\000l\000e\000\040\000p\000h\000y\000s\000i\000c\000s}{section.1.1}% 6
\BOOKMARK [2][-]{subsection.1.1.2}{\376\377\000T\000h\000e\000\040\000t\000o\000p\000\040\000q\000u\000a\000r\000k}{section.1.1}% 7
\BOOKMARK [2][-]{subsection.1.1.3}{\376\377\000M\000u\000l\000t\000i\000-\000t\000o\000p\000\040\000p\000r\000o\000d\000u\000c\000t\000i\000o\000n\000\040\000a\000t\000\040\000t\000h\000e\000\040\000L\000H\000C}{section.1.1}% 8
\BOOKMARK [2][-]{subsection.1.1.4}{\376\377\000S\000e\000n\000s\000i\000t\000i\000v\000i\000t\000y\000\040\000t\000o\000\040\000p\000h\000y\000s\000i\000c\000s\000\040\000b\000e\000y\000o\000n\000d\000\040\000t\000h\000e\000\040\000S\000t\000a\000n\000d\000a\000r\000d\000\040\000M\000o\000d\000e\000l}{section.1.1}% 9
\BOOKMARK [1][-]{section.1.2}{\376\377\000T\000h\000e\000\040\000A\000T\000L\000A\000S\000\040\000E\000x\000p\000e\000r\000i\000m\000e\000n\000t\000\040\000a\000n\000d\000\040\000E\000v\000e\000n\000t\000\040\000R\000e\000c\000o\000n\000s\000t\000r\000u\000c\000t\000i\000o\000n}{chapter.1}% 10
\BOOKMARK [2][-]{subsection.1.2.1}{\376\377\000T\000h\000e\000\040\000L\000a\000r\000g\000e\000\040\000H\000a\000d\000r\000o\000n\000\040\000C\000o\000l\000l\000i\000d\000e\000r}{section.1.2}% 11
\BOOKMARK [2][-]{subsection.1.2.2}{\376\377\000T\000h\000e\000\040\000A\000T\000L\000A\000S\000\040\000d\000e\000t\000e\000c\000t\000o\000r}{section.1.2}% 12
\BOOKMARK [2][-]{subsection.1.2.3}{\376\377\000F\000r\000o\000m\000\040\000d\000e\000t\000e\000c\000t\000o\000r\000\040\000s\000i\000g\000n\000a\000l\000s\000\040\000t\000o\000\040\000p\000h\000y\000s\000i\000c\000s\000\040\000o\000b\000j\000e\000c\000t\000s}{section.1.2}% 13
\BOOKMARK [2][-]{subsection.1.2.4}{\376\377\000E\000v\000e\000n\000t\000-\000l\000e\000v\000e\000l\000\040\000c\000l\000a\000s\000s\000i\000f\000i\000c\000a\000t\000i\000o\000n\000\040\000i\000n\000\040\000c\000l\000a\000s\000s\000i\000c\000a\000l\000\040\000a\000n\000a\000l\000y\000s\000e\000s}{section.1.2}% 14
\BOOKMARK [1][-]{section.1.3}{\376\377\000M\000a\000c\000h\000i\000n\000e\000\040\000L\000e\000a\000r\000n\000i\000n\000g\000\040\000f\000o\000r\000\040\000H\000i\000g\000h\000-\000E\000n\000e\000r\000g\000y\000\040\000P\000h\000y\000s\000i\000c\000s}{chapter.1}% 15
\BOOKMARK [2][-]{subsection.1.3.1}{\376\377\000A\000\040\000b\000r\000i\000e\000f\000\040\000h\000i\000s\000t\000o\000r\000y\000\040\000o\000f\000\040\000m\000a\000c\000h\000i\000n\000e\000\040\000l\000e\000a\000r\000n\000i\000n\000g\000\040\000i\000n\000\040\000p\000a\000r\000t\000i\000c\000l\000e\000\040\000p\000h\000y\000s\000i\000c\000s}{section.1.3}% 16
\BOOKMARK [2][-]{subsection.1.3.2}{\376\377\000T\000r\000a\000n\000s\000f\000o\000r\000m\000e\000r\000s\000\040\000a\000n\000d\000\040\000t\000h\000e\000\040\000a\000t\000t\000e\000n\000t\000i\000o\000n\000\040\000m\000e\000c\000h\000a\000n\000i\000s\000m}{section.1.3}% 17
\BOOKMARK [2][-]{subsection.1.3.3}{\376\377\000T\000r\000a\000n\000s\000f\000o\000r\000m\000e\000r\000s\000\040\000i\000n\000\040\000h\000i\000g\000h\000-\000e\000n\000e\000r\000g\000y\000\040\000p\000h\000y\000s\000i\000c\000s}{section.1.3}% 18
\BOOKMARK [2][-]{subsection.1.3.4}{\376\377\000W\000h\000y\000\040\000t\000r\000a\000n\000s\000f\000o\000r\000m\000e\000r\000s\000\040\000s\000u\000i\000t\000\040\000m\000u\000l\000t\000i\000-\000o\000b\000j\000e\000c\000t\000\040\000e\000v\000e\000n\000t\000\040\000c\000l\000a\000s\000s\000i\000f\000i\000c\000a\000t\000i\000o\000n}{section.1.3}% 19
\BOOKMARK [1][-]{section.1.4}{\376\377\000T\000h\000e\000s\000i\000s\000\040\000S\000t\000a\000t\000e\000m\000e\000n\000t}{chapter.1}% 20
\BOOKMARK [2][-]{subsection.1.4.1}{\376\377\000T\000h\000e\000\040\000i\000n\000t\000e\000r\000s\000e\000c\000t\000i\000o\000n\000\040\000o\000f\000\040\000t\000o\000p\000\040\000p\000h\000y\000s\000i\000c\000s\000\040\000a\000n\000d\000\040\000t\000r\000a\000n\000s\000f\000o\000r\000m\000e\000r\000\040\000d\000e\000s\000i\000g\000n}{section.1.4}% 21
\BOOKMARK [2][-]{subsection.1.4.2}{\376\377\000C\000o\000n\000t\000r\000o\000l\000l\000e\000d\000\040\000a\000b\000l\000a\000t\000i\000o\000n\000\040\000o\000v\000e\000r\000\040\000a\000\040\000s\000i\000n\000g\000l\000e\000\040\000o\000p\000t\000i\000m\000i\000s\000e\000d\000\040\000m\000o\000d\000e\000l}{section.1.4}% 22
\BOOKMARK [2][-]{subsection.1.4.3}{\376\377\000A\000\040\000c\000o\000n\000f\000i\000g\000u\000r\000a\000b\000l\000e\000\040\000w\000o\000r\000k\000b\000e\000n\000c\000h\000\040\000f\000o\000r\000\040\000a\000r\000c\000h\000i\000t\000e\000c\000t\000u\000r\000a\000l\000\040\000e\000x\000p\000l\000o\000r\000a\000t\000i\000o\000n}{section.1.4}% 23
\BOOKMARK [1][-]{section.1.5}{\376\377\000D\000e\000l\000i\000v\000e\000r\000a\000b\000l\000e\000s}{chapter.1}% 24
\BOOKMARK [2][-]{subsection.1.5.1}{\376\377\000M\000o\000d\000u\000l\000a\000r\000\040\000c\000o\000d\000e\000b\000a\000s\000e}{section.1.5}% 25
\BOOKMARK [2][-]{subsection.1.5.2}{\376\377\000E\000x\000p\000e\000r\000i\000m\000e\000n\000t\000\040\000d\000a\000t\000a\000b\000a\000s\000e}{section.1.5}% 26
\BOOKMARK [2][-]{subsection.1.5.3}{\376\377\000T\000h\000e\000s\000i\000s\000\040\000d\000o\000c\000u\000m\000e\000n\000t}{section.1.5}% 27
\BOOKMARK [1][-]{section.1.6}{\376\377\000R\000e\000a\000d\000e\000r\000'\000s\000\040\000G\000u\000i\000d\000e}{chapter.1}% 28
\BOOKMARK [2][-]{subsection.1.6.1}{\376\377\000S\000t\000r\000u\000c\000t\000u\000r\000e\000\040\000o\000f\000\040\000t\000h\000e\000\040\000t\000h\000e\000s\000i\000s}{section.1.6}% 29
\BOOKMARK [2][-]{subsection.1.6.2}{\376\377\000H\000o\000w\000\040\000t\000o\000\040\000r\000e\000a\000d\000\040\000t\000h\000e\000\040\000r\000e\000s\000u\000l\000t\000s}{section.1.6}% 30
\BOOKMARK [0][-]{chapter.2}{\376\377\000D\000a\000t\000a\000s\000e\000t\000\040\000a\000n\000d\000\040\000T\000a\000s\000k\000\040\000D\000e\000f\000i\000n\000i\000t\000i\000o\000n}{part.1}% 31
\BOOKMARK [1][-]{section.2.1}{\376\377\000D\000a\000t\000a\000s\000e\000t\000\040\000P\000r\000o\000v\000e\000n\000a\000n\000c\000e}{chapter.2}% 32
\BOOKMARK [1][-]{section.2.2}{\376\377\000D\000a\000t\000a\000\040\000F\000o\000r\000m\000a\000t\000\040\000a\000n\000d\000\040\000R\000e\000p\000r\000e\000s\000e\000n\000t\000a\000t\000i\000o\000n}{chapter.2}% 33
\BOOKMARK [1][-]{section.2.3}{\376\377\000C\000l\000a\000s\000s\000i\000f\000i\000c\000a\000t\000i\000o\000n\000\040\000T\000a\000s\000k\000s}{chapter.2}% 34
\BOOKMARK [0][-]{chapter.3}{\376\377\000T\000h\000e\000\040\000W\000o\000r\000k\000b\000e\000n\000c\000h\000:\000\040\000A\000r\000c\000h\000i\000t\000e\000c\000t\000u\000r\000e\000\040\000a\000n\000d\000\040\000A\000x\000e\000s}{part.1}% 35
\BOOKMARK [1][-]{section.3.1}{\376\377\000D\000e\000s\000i\000g\000n\000\040\000p\000h\000i\000l\000o\000s\000o\000p\000h\000y}{chapter.3}% 36
\BOOKMARK [1][-]{section.3.2}{\376\377\000T\000h\000e\000\040\000b\000a\000s\000e\000\040\000t\000r\000a\000n\000s\000f\000o\000r\000m\000e\000r}{chapter.3}% 37
\BOOKMARK [1][-]{section.3.3}{\376\377\000A\000x\000i\000s\000\040\000g\000r\000o\000u\000p\000s}{chapter.3}% 38
\BOOKMARK [1][-]{section.3.4}{\376\377\000E\000x\000p\000e\000r\000i\000m\000e\000n\000t\000a\000l\000\040\000m\000e\000t\000h\000o\000d\000o\000l\000o\000g\000y}{chapter.3}% 39
\BOOKMARK [-1][-]{part.2}{\376\377\000I\000I\000\040\000T\000h\000e\000s\000i\000s\000\040\000Q\000u\000e\000s\000t\000i\000o\000n\000s}{}% 40
\BOOKMARK [0][-]{chapter.4}{\376\377\000B\000e\000s\000t\000\040\000I\000n\000p\000u\000t\000\040\000R\000e\000p\000r\000e\000s\000e\000n\000t\000a\000t\000i\000o\000n}{part.2}% 41
\BOOKMARK [1][-]{section.4.1}{\376\377\000E\000x\000p\000e\000r\000i\000m\000e\000n\000t\000a\000l\000\040\000S\000e\000t\000u\000p}{chapter.4}% 42
\BOOKMARK [1][-]{section.4.2}{\376\377\000T\000o\000k\000e\000n\000i\000z\000e\000r\000\040\000F\000a\000m\000i\000l\000y}{chapter.4}% 43
\BOOKMARK [2][-]{subsection.4.2.1}{\376\377\000F\000a\000i\000l\000u\000r\000e\000\040\000A\000n\000a\000l\000y\000s\000i\000s\000:\000\040\000W\000h\000e\000r\000e\000\040\000P\000I\000D\000\040\000C\000h\000a\000n\000g\000e\000s\000\040\000t\000h\000e\000\040\000O\000u\000t\000c\000o\000m\000e}{section.4.2}% 44
\BOOKMARK [2][-]{subsection.4.2.2}{\376\377\000P\000I\000D\000\040\000E\000m\000b\000e\000d\000d\000i\000n\000g\000\040\000M\000o\000d\000e\000\040\000a\000n\000d\000\040\000D\000i\000m\000e\000n\000s\000i\000o\000n}{section.4.2}% 45
\BOOKMARK [1][-]{section.4.3}{\376\377\000D\000a\000t\000a\000\040\000T\000r\000e\000a\000t\000m\000e\000n\000t}{chapter.4}% 46
\BOOKMARK [2][-]{subsection.4.3.1}{\376\377\000E\000n\000e\000r\000g\000y\000\040\000F\000e\000a\000t\000u\000r\000e\000\040\000\050\000D\0000\0001\000\051}{section.4.3}% 47
\BOOKMARK [2][-]{subsection.4.3.2}{\376\377\000M\000E\000T\000\040\000T\000r\000e\000a\000t\000m\000e\000n\000t\000\040\000\050\000D\0000\0002\000\051}{section.4.3}% 48
\BOOKMARK [2][-]{subsection.4.3.3}{\376\377\000T\000o\000k\000e\000n\000\040\000O\000r\000d\000e\000r\000i\000n\000g\000\040\000\050\000D\0000\0003\000\051}{section.4.3}% 49
\BOOKMARK [1][-]{section.4.4}{\376\377\000D\000i\000s\000c\000u\000s\000s\000i\000o\000n}{chapter.4}% 50
\BOOKMARK [0][-]{chapter.5}{\376\377\000P\000h\000y\000s\000i\000c\000s\000-\000I\000n\000f\000o\000r\000m\000e\000d\000\040\000A\000t\000t\000e\000n\000t\000i\000o\000n\000\040\000B\000i\000a\000s\000e\000s}{part.2}% 51
\BOOKMARK [1][-]{section.5.1}{\376\377\000B\000i\000a\000s\000\040\000f\000a\000m\000i\000l\000y\000\040\000c\000o\000m\000p\000a\000r\000i\000s\000o\000n\000\040\000\050\000E\000x\000p\000.\000\040\0005\000A\000\051}{chapter.5}% 52
\BOOKMARK [2][-]{subsection.5.1.1}{\376\377\000E\000x\000p\000e\000r\000i\000m\000e\000n\000t\000a\000l\000\040\000d\000e\000s\000i\000g\000n}{section.5.1}% 53
\BOOKMARK [2][-]{subsection.5.1.2}{\376\377\000P\000e\000r\000f\000o\000r\000m\000a\000n\000c\000e\000\040\000r\000e\000s\000u\000l\000t\000s}{section.5.1}% 54
\BOOKMARK [2][-]{subsection.5.1.3}{\376\377\000A\000t\000t\000e\000n\000t\000i\000o\000n\000\040\000s\000t\000r\000u\000c\000t\000u\000r\000e\000:\000\040\000n\000o\000n\000e\000\040\000v\000e\000r\000s\000u\000s\000\040\000f\000u\000l\000l\000\040\000c\000o\000m\000b\000i\000n\000a\000t\000i\000o\000n}{section.5.1}% 55
\BOOKMARK [1][-]{section.5.2}{\376\377\000L\000o\000r\000e\000n\000t\000z\000\040\000f\000e\000a\000t\000u\000r\000e\000\040\000s\000e\000t\000\040\000a\000n\000d\000\040\000b\000i\000a\000s\000\040\000n\000e\000t\000w\000o\000r\000k\000\040\000\050\000E\000x\000p\000.\000\040\0005\000B\000\051}{chapter.5}% 56
\BOOKMARK [2][-]{subsection.5.2.1}{\376\377\000E\000x\000p\000e\000r\000i\000m\000e\000n\000t\000a\000l\000\040\000d\000e\000s\000i\000g\000n}{section.5.2}% 57
\BOOKMARK [2][-]{subsection.5.2.2}{\376\377\000A\000U\000R\000O\000C\000\040\000r\000e\000s\000u\000l\000t\000s}{section.5.2}% 58
\BOOKMARK [2][-]{subsection.5.2.3}{\376\377\000K\000A\000N\000\040\000s\000p\000l\000i\000n\000e\000\040\000s\000t\000r\000u\000c\000t\000u\000r\000e\000\040\000a\000n\000d\000\040\000g\000a\000t\000e\000\040\000v\000a\000l\000u\000e\000s}{section.5.2}% 59
\BOOKMARK [1][-]{section.5.3}{\376\377\000T\000y\000p\000e\000-\000p\000a\000i\000r\000\040\000i\000n\000i\000t\000i\000a\000l\000i\000s\000a\000t\000i\000o\000n\000\040\000a\000n\000d\000\040\000f\000r\000e\000e\000z\000e\000\040\000\050\000E\000x\000p\000.\000\040\0005\000C\000\051}{chapter.5}% 60
\BOOKMARK [2][-]{subsection.5.3.1}{\376\377\000E\000x\000p\000e\000r\000i\000m\000e\000n\000t\000a\000l\000\040\000d\000e\000s\000i\000g\000n}{section.5.3}% 61
\BOOKMARK [2][-]{subsection.5.3.2}{\376\377\000P\000e\000r\000f\000o\000r\000m\000a\000n\000c\000e\000\040\000r\000e\000s\000u\000l\000t\000s}{section.5.3}% 62
\BOOKMARK [2][-]{subsection.5.3.3}{\376\377\000L\000e\000a\000r\000n\000e\000d\000\040\000t\000a\000b\000l\000e\000\040\000s\000t\000r\000u\000c\000t\000u\000r\000e}{section.5.3}% 63
\BOOKMARK [1][-]{section.5.4}{\376\377\000S\000M\000\040\000i\000n\000t\000e\000r\000a\000c\000t\000i\000o\000n\000\040\000m\000o\000d\000e\000\040\000\050\000E\000x\000p\000.\000\040\0005\000D\000\051}{chapter.5}% 64
\BOOKMARK [1][-]{section.5.5}{\376\377\000C\000h\000a\000p\000t\000e\000r\000\040\000s\000y\000n\000t\000h\000e\000s\000i\000s}{chapter.5}% 65
\BOOKMARK [0][-]{chapter.6}{\376\377\000A\000t\000t\000e\000n\000t\000i\000o\000n\000\040\000M\000e\000c\000h\000a\000n\000i\000s\000m\000s}{part.2}% 66
\BOOKMARK [1][-]{section.6.1}{\376\377\000D\000i\000f\000f\000e\000r\000e\000n\000t\000i\000a\000l\000\040\000A\000t\000t\000e\000n\000t\000i\000o\000n}{chapter.6}% 67
\BOOKMARK [1][-]{section.6.2}{\376\377\000A\000t\000t\000e\000n\000t\000i\000o\000n\000\040\000T\000y\000p\000e\000\040\000a\000n\000d\000\040\000I\000n\000t\000e\000r\000n\000a\000l\000\040\000N\000o\000r\000m\000a\000l\000i\000s\000a\000t\000i\000o\000n}{chapter.6}% 68
\BOOKMARK [2][-]{subsection.6.2.1}{\376\377\000E\000x\000p\000e\000r\000i\000m\000e\000n\000t\000a\000l\000\040\000D\000e\000s\000i\000g\000n}{section.6.2}% 69
\BOOKMARK [2][-]{subsection.6.2.2}{\376\377\000R\000e\000s\000u\000l\000t\000s\000:\000\040\000A\000t\000t\000e\000n\000t\000i\000o\000n\000\040\000T\000y\000p\000e}{section.6.2}% 70
\BOOKMARK [2][-]{subsection.6.2.3}{\376\377\000R\000e\000s\000u\000l\000t\000s\000:\000\040\000A\000t\000t\000e\000n\000t\000i\000o\000n\000-\000I\000n\000t\000e\000r\000n\000a\000l\000\040\000N\000o\000r\000m\000a\000l\000i\000s\000a\000t\000i\000o\000n}{section.6.2}% 71
\BOOKMARK [1][-]{section.6.3}{\376\377\000P\000h\000y\000s\000i\000c\000s\000\040\000B\000i\000a\000s\000\040\000a\000n\000d\000\040\000D\000i\000f\000f\000e\000r\000e\000n\000t\000i\000a\000l\000\040\000A\000t\000t\000e\000n\000t\000i\000o\000n}{chapter.6}% 72
\BOOKMARK [2][-]{subsection.6.3.1}{\376\377\000E\000x\000p\000e\000r\000i\000m\000e\000n\000t\000a\000l\000\040\000D\000e\000s\000i\000g\000n}{section.6.3}% 73
\BOOKMARK [2][-]{subsection.6.3.2}{\376\377\000R\000e\000s\000u\000l\000t\000s\000:\000\040\000B\0001\000\040\000b\000y\000\040\000A\000t\000t\000e\000n\000t\000i\000o\000n\000\040\000T\000y\000p\000e}{section.6.3}% 74
\BOOKMARK [1][-]{section.6.4}{\376\377\000D\000i\000f\000f\000e\000r\000e\000n\000t\000i\000a\000l\000\040\000B\000i\000a\000s\000\040\000M\000o\000d\000e}{chapter.6}% 75
\BOOKMARK [2][-]{subsection.6.4.1}{\376\377\000E\000x\000p\000e\000r\000i\000m\000e\000n\000t\000a\000l\000\040\000D\000e\000s\000i\000g\000n}{section.6.4}% 76
\BOOKMARK [2][-]{subsection.6.4.2}{\376\377\000R\000e\000s\000u\000l\000t\000s}{section.6.4}% 77
\BOOKMARK [1][-]{section.6.5}{\376\377\000C\000h\000a\000p\000t\000e\000r\000\040\000S\000u\000m\000m\000a\000r\000y}{chapter.6}% 78
\BOOKMARK [0][-]{chapter.7}{\376\377\000M\000o\000d\000e\000l\000\040\000S\000c\000a\000l\000i\000n\000g\000\040\000a\000n\000d\000\040\000E\000f\000f\000i\000c\000i\000e\000n\000c\000y}{part.2}% 79
\BOOKMARK [1][-]{section.7.1}{\376\377\000E\000x\000p\000e\000r\000i\000m\000e\000n\000t\000a\000l\000\040\000D\000e\000s\000i\000g\000n}{chapter.7}% 80
\BOOKMARK [1][-]{section.7.2}{\376\377\000S\000c\000a\000l\000i\000n\000g\000\040\000C\000u\000r\000v\000e\000s\000\040\000\050\000E\000x\000p\000.\000\040\0007\000A\000\051}{chapter.7}% 81
\BOOKMARK [2][-]{subsection.7.2.1}{\376\377\000A\000U\000R\000O\000C\000\040\000v\000e\000r\000s\000u\000s\000\040\000M\000o\000d\000e\000l\000\040\000S\000i\000z\000e}{section.7.2}% 82
\BOOKMARK [2][-]{subsection.7.2.2}{\376\377\000T\000r\000a\000i\000n\000i\000n\000g\000\040\000C\000o\000s\000t}{section.7.2}% 83
\BOOKMARK [1][-]{section.7.3}{\376\377\000E\000f\000f\000i\000c\000i\000e\000n\000c\000y\000\040\000a\000n\000d\000\040\000P\000a\000r\000e\000t\000o\000\040\000A\000n\000a\000l\000y\000s\000i\000s\000\040\000\050\000E\000x\000p\000.\000\040\0007\000B\000\051}{chapter.7}% 84
\BOOKMARK [-1][-]{part.3}{\376\377\000I\000I\000I\000\040\000S\000y\000n\000t\000h\000e\000s\000i\000s}{}% 85
\BOOKMARK [0][-]{chapter.8}{\376\377\000G\000l\000o\000b\000a\000l\000\040\000S\000u\000r\000r\000o\000g\000a\000t\000e\000-\000D\000r\000i\000v\000e\000n\000\040\000A\000n\000a\000l\000y\000s\000i\000s}{part.3}% 86
\BOOKMARK [1][-]{section.8.1}{\376\377\000D\000a\000t\000a\000b\000a\000s\000e\000\040\000A\000u\000d\000i\000t\000\040\000a\000n\000d\000\040\000I\000n\000c\000l\000u\000s\000i\000o\000n\000\040\000R\000u\000l\000e\000s}{chapter.8}% 87
\BOOKMARK [2][-]{subsection.8.1.1}{\376\377\000R\000u\000n\000\040\000c\000o\000u\000n\000t\000s\000\040\000a\000n\000d\000\040\000c\000o\000h\000o\000r\000t\000\040\000d\000e\000f\000i\000n\000i\000t\000i\000o\000n}{section.8.1}% 88
\BOOKMARK [2][-]{subsection.8.1.2}{\376\377\000A\000x\000i\000s\000\040\000c\000o\000v\000e\000r\000a\000g\000e\000\040\000a\000n\000d\000\040\000c\000o\000-\000o\000c\000c\000u\000r\000r\000e\000n\000c\000e\000\040\000s\000t\000r\000u\000c\000t\000u\000r\000e}{section.8.1}% 89
\BOOKMARK [1][-]{section.8.2}{\376\377\000M\000a\000r\000g\000i\000n\000a\000l\000\040\000S\000e\000n\000s\000i\000t\000i\000v\000i\000t\000y\000\040\000A\000n\000a\000l\000y\000s\000i\000s}{chapter.8}% 90
\BOOKMARK [2][-]{subsection.8.2.1}{\376\377\000S\000e\000e\000d\000\040\000n\000o\000i\000s\000e\000\040\000f\000l\000o\000o\000r}{section.8.2}% 91
\BOOKMARK [2][-]{subsection.8.2.2}{\376\377\000P\000e\000r\000-\000a\000x\000i\000s\000\040\000A\000U\000R\000O\000C\000\040\000r\000a\000n\000g\000e}{section.8.2}% 92
\BOOKMARK [1][-]{section.8.3}{\376\377\000G\000l\000o\000b\000a\000l\000\040\000S\000u\000r\000r\000o\000g\000a\000t\000e\000\040\000a\000n\000d\000\040\000S\000H\000A\000P\000\040\000A\000t\000t\000r\000i\000b\000u\000t\000i\000o\000n}{chapter.8}% 93
\BOOKMARK [2][-]{subsection.8.3.1}{\376\377\000S\000u\000r\000r\000o\000g\000a\000t\000e\000\040\000d\000e\000s\000i\000g\000n}{section.8.3}% 94
\BOOKMARK [2][-]{subsection.8.3.2}{\376\377\000C\000r\000o\000s\000s\000-\000v\000a\000l\000i\000d\000a\000t\000i\000o\000n\000\040\000p\000e\000r\000f\000o\000r\000m\000a\000n\000c\000e}{section.8.3}% 95
\BOOKMARK [2][-]{subsection.8.3.3}{\376\377\000S\000H\000A\000P\000\040\000a\000t\000t\000r\000i\000b\000u\000t\000i\000o\000n\000\040\000b\000y\000\040\000a\000x\000i\000s\000\040\000f\000a\000m\000i\000l\000y}{section.8.3}% 96
\BOOKMARK [1][-]{section.8.4}{\376\377\000C\000a\000n\000d\000i\000d\000a\000t\000e\000\040\000P\000r\000o\000p\000o\000s\000a\000l\000s\000\040\000a\000n\000d\000\040\000V\000a\000l\000i\000d\000a\000t\000i\000o\000n}{chapter.8}% 97
\BOOKMARK [2][-]{subsection.8.4.1}{\376\377\000S\000a\000m\000p\000l\000i\000n\000g\000\040\000s\000t\000r\000a\000t\000e\000g\000y\000\040\000a\000n\000d\000\040\000c\000o\000n\000s\000t\000r\000a\000i\000n\000t\000\040\000p\000r\000e\000d\000i\000c\000a\000t\000e}{section.8.4}% 98
\BOOKMARK [2][-]{subsection.8.4.2}{\376\377\000T\000o\000p\000-\0001\0000\000\040\000s\000u\000r\000r\000o\000g\000a\000t\000e\000-\000p\000r\000e\000d\000i\000c\000t\000e\000d\000\040\000c\000o\000n\000f\000i\000g\000u\000r\000a\000t\000i\000o\000n\000s}{section.8.4}% 99
\BOOKMARK [2][-]{subsection.8.4.3}{\376\377\000C\000r\000o\000s\000s\000-\000c\000o\000h\000o\000r\000t\000\040\000c\000o\000n\000s\000i\000s\000t\000e\000n\000c\000y\000\040\000c\000h\000e\000c\000k}{section.8.4}% 100
\BOOKMARK [2][-]{subsection.8.4.4}{\376\377\000V\000a\000l\000i\000d\000a\000t\000i\000o\000n\000\040\000t\000r\000a\000i\000n\000i\000n\000g\000\040\000r\000e\000s\000u\000l\000t\000s}{section.8.4}% 101
\BOOKMARK [1][-]{section.8.5}{\376\377\000O\000p\000t\000u\000n\000a\000\040\000T\000P\000E\000\040\000C\000o\000m\000p\000a\000r\000i\000s\000o\000n}{chapter.8}% 102
\BOOKMARK [1][-]{section.8.6}{\376\377\000S\000u\000m\000m\000a\000r\000y\000\040\000a\000n\000d\000\040\000B\000r\000i\000d\000g\000e\000\040\000t\000o\000\040\000C\000h\000a\000p\000t\000e\000r\000\040\0009}{chapter.8}% 103
\BOOKMARK [0][-]{chapter.9}{\376\377\000T\000h\000e\000\040\000B\000e\000s\000t\000\040\000M\000o\000d\000e\000l\000\040\000a\000n\000d\000\040\000I\000t\000s\000\040\000P\000h\000y\000s\000i\000c\000s\000\040\000R\000e\000a\000c\000h}{part.3}% 104
\BOOKMARK [1][-]{section.9.1}{\376\377\000M\000o\000d\000e\000l\000\040\000S\000e\000l\000e\000c\000t\000i\000o\000n}{chapter.9}% 105
\BOOKMARK [1][-]{section.9.2}{\376\377\000D\000i\000s\000c\000r\000i\000m\000i\000n\000a\000n\000t\000\040\000P\000e\000r\000f\000o\000r\000m\000a\000n\000c\000e\000\040\000a\000t\000\040\000P\000h\000y\000s\000i\000c\000s\000\040\000W\000o\000r\000k\000i\000n\000g\000\040\000P\000o\000i\000n\000t\000s}{chapter.9}% 106
\BOOKMARK [1][-]{section.9.3}{\376\377\000I\000l\000l\000u\000s\000t\000r\000a\000t\000i\000v\000e\000\040\000P\000h\000y\000s\000i\000c\000s\000\040\000R\000e\000a\000c\000h}{chapter.9}% 107
\BOOKMARK [2][-]{subsection.9.3.1}{\376\377\000S\000i\000g\000n\000i\000f\000i\000c\000a\000n\000c\000e\000\040\000E\000s\000t\000i\000m\000a\000t\000o\000r}{section.9.3}% 108
\BOOKMARK [2][-]{subsection.9.3.2}{\376\377\000A\000s\000s\000u\000m\000p\000t\000i\000o\000n\000s}{section.9.3}% 109
\BOOKMARK [2][-]{subsection.9.3.3}{\376\377\000R\000e\000s\000u\000l\000t\000s}{section.9.3}% 110
\BOOKMARK [1][-]{section.9.4}{\376\377\000C\000h\000a\000p\000t\000e\000r\000\040\000S\000u\000m\000m\000a\000r\000y}{chapter.9}% 111
\BOOKMARK [0][-]{chapter.10}{\376\377\000C\000o\000n\000c\000l\000u\000s\000i\000o\000n\000\040\000a\000n\000d\000\040\000O\000u\000t\000l\000o\000o\000k}{part.3}% 112
\BOOKMARK [0][-]{chapter*.95}{\376\377\000R\000e\000f\000e\000r\000e\000n\000c\000e\000s}{part.3}% 113
\BOOKMARK [0][-]{chapter.A}{\376\377\000A\000x\000e\000s\000\040\000r\000e\000f\000e\000r\000e\000n\000c\000e\000\040\000t\000a\000b\000l\000e}{part.3}% 114
\BOOKMARK [0][-]{chapter.B}{\376\377\000C\000o\000d\000e\000b\000a\000s\000e\000\040\000S\000t\000r\000u\000t\000u\000r\000e\000\040\000a\000n\000d\000\040\000R\000e\000p\000r\000o\000d\000u\000c\000i\000b\000i\000l\000i\000t\000y}{part.3}% 115
\BOOKMARK [0][-]{chapter.C}{\376\377\000D\000a\000t\000a\000s\000e\000t\000\040\000a\000n\000d\000\040\000F\000e\000a\000t\000u\000r\000e\000\040\000D\000e\000f\000i\000n\000i\000t\000o\000n\000s}{part.3}% 116
